# JRE version: OpenJDK Runtime Environment (16.0.1+9) (build 16.0.1+9-24)
# Java VM: OpenJDK 64-Bit Server VM (16.0.1+9-24, mixed mode, sharing, tiered, compressed oops, compressed class ptrs, g1 gc, windows-amd64)
GC Precious Log:
 CPUs: 4 total, 4 available
 Memory: 32713M
 Large Page Support: Disabled
 NUMA Support: Disabled
 Compressed Oops: Enabled (Zero based)
 Heap Region Size: 4M
 Heap Min Capacity: 8M
 Heap Initial Capacity: 512M
 Heap Max Capacity: 8180M
 Pre-touch: Disabled
 Parallel Workers: 4
 Concurrent Workers: 1
 Concurrent Refinement Workers: 4
 Periodic GC: Disabled
Heap:
 garbage-first heap   total 524288K, used 2236K [0x0000000600c00000, 0x0000000800000000)
  region size 4096K, 1 young (4096K), 1 survivors (4096K)
 Metaspace       used 2001K, committed 2112K, reserved 1056768K
  class space    used 168K, committed 192K, reserved 1048576K
GC Heap History (11 events):
Event: 0.224 GC heap before
{Heap before GC invocations=0 (full 0):
 garbage-first heap   total 524288K, used 24576K [0x0000000600c00000, 0x0000000800000000)
  region size 4096K, 6 young (24576K), 0 survivors (0K)
 Metaspace       used 1999K, committed 2112K, reserved 1056768K
  class space    used 168K, committed 192K, reserved 1048576K
}
Event: 0.226 GC heap after
{Heap after GC invocations=1 (full 0):
 garbage-first heap   total 524288K, used 1983K [0x0000000600c00000, 0x0000000800000000)
  region size 4096K, 1 young (4096K), 1 survivors (4096K)
 Metaspace       used 1999K, committed 2112K, reserved 1056768K
  class space    used 168K, committed 192K, reserved 1048576K
}
Event: 0.235 GC heap before
{Heap before GC invocations=1 (full 0):
 garbage-first heap   total 524288K, used 22463K [0x0000000600c00000, 0x0000000800000000)
  region size 4096K, 6 young (24576K), 1 survivors (4096K)
 Metaspace       used 1999K, committed 2112K, reserved 1056768K
  class space    used 168K, committed 192K, reserved 1048576K
}
Event: 0.236 GC heap after
{Heap after GC invocations=2 (full 0):
 garbage-first heap   total 524288K, used 2140K [0x0000000600c00000, 0x0000000800000000)
  region size 4096K, 1 young (4096K), 1 survivors (4096K)
 Metaspace       used 1999K, committed 2112K, reserved 1056768K
  class space    used 168K, committed 192K, reserved 1048576K
}
Event: 0.259 GC heap before
{Heap before GC invocations=2 (full 0):
 garbage-first heap   total 524288K, used 43100K [0x0000000600c00000, 0x0000000800000000)
  region size 4096K, 11 young (45056K), 1 survivors (4096K)
 Metaspace       used 1999K, committed 2112K, reserved 1056768K
  class space    used 168K, committed 192K, reserved 1048576K
}
Event: 0.260 GC heap after
{Heap after GC invocations=3 (full 0):
 garbage-first heap   total 524288K, used 2119K [0x0000000600c00000, 0x0000000800000000)
  region size 4096K, 1 young (4096K), 1 survivors (4096K)
 Metaspace       used 1999K, committed 2112K, reserved 1056768K
  class space    used 168K, committed 192K, reserved 1048576K
}
Event: 0.482 GC heap before
{Heap before GC invocations=3 (full 0):
 garbage-first heap   total 524288K, used 309319K [0x0000000600c00000, 0x0000000800000000)
  region size 4096K, 76 young (311296K), 1 survivors (4096K)
 Metaspace       used 2001K, committed 2112K, reserved 1056768K
  class space    used 168K, committed 192K, reserved 1048576K
}
Event: 0.484 GC heap after
{Heap after GC invocations=4 (full 0):
 garbage-first heap   total 524288K, used 2139K [0x0000000600c00000, 0x0000000800000000)
  region size 4096K, 1 young (4096K), 1 survivors (4096K)
 Metaspace       used 2001K, committed 2112K, reserved 1056768K
  class space    used 168K, committed 192K, reserved 1048576K
}
Event: 0.600 GC heap before
{Heap before GC invocations=4 (full 0):
 garbage-first heap   total 524288K, used 309339K [0x0000000600c00000, 0x0000000800000000)
  region size 4096K, 76 young (311296K), 1 survivors (4096K)
 Metaspace       used 2001K, committed 2112K, reserved 1056768K
  class space    used 168K, committed 192K, reserved 1048576K
}
Event: 0.601 GC heap after
{Heap after GC invocations=5 (full 0):
 garbage-first heap   total 524288K, used 2231K [0x0000000600c00000, 0x0000000800000000)
  region size 4096K, 1 young (4096K), 1 survivors (4096K)
 Metaspace       used 2001K, committed 2112K, reserved 1056768K
  class space    used 168K, committed 192K, reserved 1048576K
}
Event: 0.707 GC heap before
{Heap before GC invocations=5 (full 0):
 garbage-first heap   total 524288K, used 309431K [0x0000000600c00000, 0x0000000800000000)
  region size 4096K, 76 young (311296K), 1 survivors (4096K)
 Metaspace       used 2001K, committed 2112K, reserved 1056768K
  class space    used 168K, committed 192K, reserved 1048576K
}

