# JRE version: OpenJDK Runtime Environment (16.0.1+9) (build 16.0.1+9-24)
# Java VM: OpenJDK 64-Bit Server VM (16.0.1+9-24, mixed mode, sharing, tiered, compressed oops, compressed class ptrs, g1 gc, windows-amd64)
GC Precious Log:
 CPUs: 4 total, 4 available
 Memory: 32713M
 Large Page Support: Disabled
 NUMA Support: Disabled
 Compressed Oops: Enabled (32-bit)
 Heap Region Size: 1M
 Heap Min Capacity: 256M
 Heap Initial Capacity: 256M
 Heap Max Capacity: 512M
 Pre-touch: Disabled
 Parallel Workers: 4
 Concurrent Workers: 1
 Concurrent Refinement Workers: 4
 Periodic GC: Disabled
Heap:
 garbage-first heap   total 396288K, used 315077K [0x00000000e0000000, 0x0000000100000000)
  region size 1024K, 12 young (12288K), 3 survivors (3072K)
 Metaspace       used 183563K, committed 187072K, reserved 376832K
  class space    used 22563K, committed 24064K, reserved 212992K
GC Heap History (20 events):
Event: 3263.272 GC heap before
{Heap before GC invocations=223 (full 0):
 garbage-first heap   total 396288K, used 348259K [0x00000000e0000000, 0x0000000100000000)
  region size 1024K, 49 young (50176K), 4 survivors (4096K)
 Metaspace       used 183055K, committed 186432K, reserved 376832K
  class space    used 22506K, committed 24000K, reserved 212992K
}
Event: 3263.275 GC heap after
{Heap after GC invocations=224 (full 0):
 garbage-first heap   total 396288K, used 303219K [0x00000000e0000000, 0x0000000100000000)
  region size 1024K, 4 young (4096K), 4 survivors (4096K)
 Metaspace       used 183055K, committed 186432K, reserved 376832K
  class space    used 22506K, committed 24000K, reserved 212992K
}
Event: 3265.856 GC heap before
{Heap before GC invocations=224 (full 0):
 garbage-first heap   total 396288K, used 349299K [0x00000000e0000000, 0x0000000100000000)
  region size 1024K, 49 young (50176K), 4 survivors (4096K)
 Metaspace       used 183080K, committed 186496K, reserved 376832K
  class space    used 22508K, committed 24000K, reserved 212992K
}
Event: 3265.861 GC heap after
{Heap after GC invocations=225 (full 0):
 garbage-first heap   total 396288K, used 304216K [0x00000000e0000000, 0x0000000100000000)
  region size 1024K, 5 young (5120K), 5 survivors (5120K)
 Metaspace       used 183080K, committed 186496K, reserved 376832K
  class space    used 22508K, committed 24000K, reserved 212992K
}
Event: 3315.632 GC heap before
{Heap before GC invocations=225 (full 0):
 garbage-first heap   total 396288K, used 349272K [0x00000000e0000000, 0x0000000100000000)
  region size 1024K, 49 young (50176K), 5 survivors (5120K)
 Metaspace       used 183157K, committed 186624K, reserved 376832K
  class space    used 22518K, committed 24000K, reserved 212992K
}
Event: 3315.635 GC heap after
{Heap after GC invocations=226 (full 0):
 garbage-first heap   total 396288K, used 304232K [0x00000000e0000000, 0x0000000100000000)
  region size 1024K, 4 young (4096K), 4 survivors (4096K)
 Metaspace       used 183157K, committed 186624K, reserved 376832K
  class space    used 22518K, committed 24000K, reserved 212992K
}
Event: 3386.274 GC heap before
{Heap before GC invocations=226 (full 0):
 garbage-first heap   total 396288K, used 348264K [0x00000000e0000000, 0x0000000100000000)
  region size 1024K, 48 young (49152K), 4 survivors (4096K)
 Metaspace       used 183233K, committed 186688K, reserved 376832K
  class space    used 22528K, committed 24000K, reserved 212992K
}
Event: 3386.278 GC heap after
{Heap after GC invocations=227 (full 0):
 garbage-first heap   total 396288K, used 303781K [0x00000000e0000000, 0x0000000100000000)
  region size 1024K, 3 young (3072K), 3 survivors (3072K)
 Metaspace       used 183233K, committed 186688K, reserved 376832K
  class space    used 22528K, committed 24000K, reserved 212992K
}
Event: 3387.769 GC heap before
{Heap before GC invocations=227 (full 0):
 garbage-first heap   total 396288K, used 348837K [0x00000000e0000000, 0x0000000100000000)
  region size 1024K, 48 young (49152K), 3 survivors (3072K)
 Metaspace       used 183269K, committed 186752K, reserved 376832K
  class space    used 22530K, committed 24064K, reserved 212992K
}
Event: 3387.773 GC heap after
{Heap after GC invocations=228 (full 0):
 garbage-first heap   total 396288K, used 305228K [0x00000000e0000000, 0x0000000100000000)
  region size 1024K, 5 young (5120K), 5 survivors (5120K)
 Metaspace       used 183269K, committed 186752K, reserved 376832K
  class space    used 22530K, committed 24064K, reserved 212992K
}
Event: 3394.163 GC heap before
{Heap before GC invocations=228 (full 0):
 garbage-first heap   total 396288K, used 349260K [0x00000000e0000000, 0x0000000100000000)
  region size 1024K, 48 young (49152K), 5 survivors (5120K)
 Metaspace       used 183333K, committed 186816K, reserved 376832K
  class space    used 22538K, committed 24064K, reserved 212992K
}
Event: 3394.167 GC heap after
{Heap after GC invocations=229 (full 0):
 garbage-first heap   total 396288K, used 304845K [0x00000000e0000000, 0x0000000100000000)
  region size 1024K, 3 young (3072K), 3 survivors (3072K)
 Metaspace       used 183333K, committed 186816K, reserved 376832K
  class space    used 22538K, committed 24064K, reserved 212992K
}
Event: 3418.062 GC heap before
{Heap before GC invocations=229 (full 0):
 garbage-first heap   total 396288K, used 348877K [0x00000000e0000000, 0x0000000100000000)
  region size 1024K, 46 young (47104K), 3 survivors (3072K)
 Metaspace       used 183392K, committed 186880K, reserved 376832K
  class space    used 22547K, committed 24064K, reserved 212992K
}
Event: 3418.064 GC heap after
{Heap after GC invocations=230 (full 0):
 garbage-first heap   total 396288K, used 304774K [0x00000000e0000000, 0x0000000100000000)
  region size 1024K, 3 young (3072K), 3 survivors (3072K)
 Metaspace       used 183392K, committed 186880K, reserved 376832K
  class space    used 22547K, committed 24064K, reserved 212992K
}
Event: 3420.525 GC heap before
{Heap before GC invocations=230 (full 0):
 garbage-first heap   total 396288K, used 348806K [0x00000000e0000000, 0x0000000100000000)
  region size 1024K, 46 young (47104K), 3 survivors (3072K)
 Metaspace       used 183458K, committed 186944K, reserved 376832K
  class space    used 22552K, committed 24064K, reserved 212992K
}
Event: 3420.529 GC heap after
{Heap after GC invocations=231 (full 0):
 garbage-first heap   total 396288K, used 305982K [0x00000000e0000000, 0x0000000100000000)
  region size 1024K, 4 young (4096K), 4 survivors (4096K)
 Metaspace       used 183458K, committed 186944K, reserved 376832K
  class space    used 22552K, committed 24064K, reserved 212992K
}
Event: 3421.398 GC heap before
{Heap before GC invocations=231 (full 0):
 garbage-first heap   total 396288K, used 348990K [0x00000000e0000000, 0x0000000100000000)
  region size 1024K, 46 young (47104K), 4 survivors (4096K)
 Metaspace       used 183490K, committed 187008K, reserved 376832K
  class space    used 22555K, committed 24064K, reserved 212992K
}
Event: 3421.402 GC heap after
{Heap after GC invocations=232 (full 0):
 garbage-first heap   total 396288K, used 306995K [0x00000000e0000000, 0x0000000100000000)
  region size 1024K, 4 young (4096K), 4 survivors (4096K)
 Metaspace       used 183490K, committed 187008K, reserved 376832K
  class space    used 22555K, committed 24064K, reserved 212992K
}
Event: 3422.968 GC heap before
{Heap before GC invocations=232 (full 0):
 garbage-first heap   total 396288K, used 348979K [0x00000000e0000000, 0x0000000100000000)
  region size 1024K, 45 young (46080K), 4 survivors (4096K)
 Metaspace       used 183555K, committed 187072K, reserved 376832K
  class space    used 22563K, committed 24064K, reserved 212992K
}
Event: 3422.971 GC heap after
{Heap after GC invocations=233 (full 0):
 garbage-first heap   total 396288K, used 306885K [0x00000000e0000000, 0x0000000100000000)
  region size 1024K, 3 young (3072K), 3 survivors (3072K)
 Metaspace       used 183555K, committed 187072K, reserved 376832K
  class space    used 22563K, committed 24064K, reserved 212992K
}

